{"C:\\Users\\me\\google sheets\\src\\api.js": {"path":"C:\\Users\\me\\google sheets\\src\\api.js","statementMap":{"0":{"start":{"line":2,"column":2},"end":{"line":2,"column":54}},"1":{"start":{"line":2,"column":15},"end":{"line":2,"column":54}},"2":{"start":{"line":4,"column":14},"end":{"line":4,"column":110}},"3":{"start":{"line":6,"column":17},"end":{"line":6,"column":241}},"4":{"start":{"line":8,"column":18},"end":{"line":8,"column":69}},"5":{"start":{"line":10,"column":18},"end":{"line":15,"column":3}},"6":{"start":{"line":17,"column":19},"end":{"line":17,"column":50}},"7":{"start":{"line":18,"column":15},"end":{"line":18,"column":52}},"8":{"start":{"line":20,"column":2},"end":{"line":22,"column":3}},"9":{"start":{"line":21,"column":4},"end":{"line":21,"column":67}},"10":{"start":{"line":24,"column":2},"end":{"line":26,"column":3}},"11":{"start":{"line":25,"column":4},"end":{"line":25,"column":55}},"12":{"start":{"line":28,"column":2},"end":{"line":28,"column":57}},"13":{"start":{"line":31,"column":0},"end":{"line":33,"column":1}},"14":{"start":{"line":32,"column":2},"end":{"line":32,"column":37}}},"fnMap":{"0":{"name":"callGeminiAPI","decl":{"start":{"line":1,"column":10},"end":{"line":1,"column":23}},"loc":{"start":{"line":1,"column":45},"end":{"line":29,"column":1}},"line":1}},"branchMap":{"0":{"loc":{"start":{"line":2,"column":2},"end":{"line":2,"column":54}},"type":"if","locations":[{"start":{"line":2,"column":2},"end":{"line":2,"column":54}},{"start":{},"end":{}}],"line":2},"1":{"loc":{"start":{"line":20,"column":2},"end":{"line":22,"column":3}},"type":"if","locations":[{"start":{"line":20,"column":2},"end":{"line":22,"column":3}},{"start":{},"end":{}}],"line":20},"2":{"loc":{"start":{"line":24,"column":2},"end":{"line":26,"column":3}},"type":"if","locations":[{"start":{"line":24,"column":2},"end":{"line":26,"column":3}},{"start":{},"end":{}}],"line":24},"3":{"loc":{"start":{"line":24,"column":6},"end":{"line":24,"column":85}},"type":"binary-expr","locations":[{"start":{"line":24,"column":6},"end":{"line":24,"column":22}},{"start":{"line":24,"column":26},"end":{"line":24,"column":54}},{"start":{"line":24,"column":58},"end":{"line":24,"column":85}}],"line":24},"4":{"loc":{"start":{"line":31,"column":0},"end":{"line":33,"column":1}},"type":"if","locations":[{"start":{"line":31,"column":0},"end":{"line":33,"column":1}},{"start":{},"end":{}}],"line":31},"5":{"loc":{"start":{"line":31,"column":4},"end":{"line":31,"column":51}},"type":"binary-expr","locations":[{"start":{"line":31,"column":4},"end":{"line":31,"column":33}},{"start":{"line":31,"column":37},"end":{"line":31,"column":51}}],"line":31}},"s":{"0":3,"1":0,"2":3,"3":3,"4":3,"5":3,"6":3,"7":3,"8":3,"9":1,"10":2,"11":1,"12":1,"13":1,"14":1},"f":{"0":3},"b":{"0":[0,3],"1":[1,2],"2":[1,1],"3":[2,2,1],"4":[1,0],"5":[1,1]},"_coverageSchema":"1a1c01bbd47fc00a2c39e90264f33305004495a9","hash":"2dbbcd15eba00909a19a3babe9bf5af574aa0fef"}
,"C:\\Users\\me\\google sheets\\src\\selection.js": {"path":"C:\\Users\\me\\google sheets\\src\\selection.js","statementMap":{"0":{"start":{"line":1,"column":28},"end":{"line":12,"column":1}},"1":{"start":{"line":3,"column":4},"end":{"line":10,"column":7}},"2":{"start":{"line":4,"column":6},"end":{"line":9,"column":9}},"3":{"start":{"line":5,"column":8},"end":{"line":7,"column":9}},"4":{"start":{"line":6,"column":10},"end":{"line":6,"column":27}},"5":{"start":{"line":8,"column":8},"end":{"line":8,"column":35}},"6":{"start":{"line":14,"column":0},"end":{"line":16,"column":1}},"7":{"start":{"line":15,"column":2},"end":{"line":15,"column":42}}},"fnMap":{"0":{"name":"(anonymous_0)","decl":{"start":{"line":2,"column":15},"end":{"line":2,"column":16}},"loc":{"start":{"line":2,"column":40},"end":{"line":11,"column":3}},"line":2},"1":{"name":"(anonymous_1)","decl":{"start":{"line":3,"column":20},"end":{"line":3,"column":21}},"loc":{"start":{"line":3,"column":27},"end":{"line":10,"column":5}},"line":3},"2":{"name":"(anonymous_2)","decl":{"start":{"line":4,"column":21},"end":{"line":4,"column":22}},"loc":{"start":{"line":4,"column":34},"end":{"line":9,"column":7}},"line":4}},"branchMap":{"0":{"loc":{"start":{"line":5,"column":8},"end":{"line":7,"column":9}},"type":"if","locations":[{"start":{"line":5,"column":8},"end":{"line":7,"column":9}},{"start":{},"end":{}}],"line":5},"1":{"loc":{"start":{"line":5,"column":12},"end":{"line":5,"column":86}},"type":"binary-expr","locations":[{"start":{"line":5,"column":12},"end":{"line":5,"column":22}},{"start":{"line":5,"column":26},"end":{"line":5,"column":55}},{"start":{"line":5,"column":59},"end":{"line":5,"column":86}}],"line":5},"2":{"loc":{"start":{"line":14,"column":0},"end":{"line":16,"column":1}},"type":"if","locations":[{"start":{"line":14,"column":0},"end":{"line":16,"column":1}},{"start":{},"end":{}}],"line":14},"3":{"loc":{"start":{"line":14,"column":4},"end":{"line":14,"column":51}},"type":"binary-expr","locations":[{"start":{"line":14,"column":4},"end":{"line":14,"column":33}},{"start":{"line":14,"column":37},"end":{"line":14,"column":51}}],"line":14}},"s":{"0":1,"1":2,"2":7,"3":9,"4":7,"5":2,"6":1,"7":1},"f":{"0":2,"1":7,"2":9},"b":{"0":[7,2],"1":[9,7,7],"2":[1,0],"3":[1,1]},"_coverageSchema":"1a1c01bbd47fc00a2c39e90264f33305004495a9","hash":"9aac3a4dedbbd3727f534a22abcad831e566911b"}
,"C:\\Users\\me\\google sheets\\test-utils\\gas-mocks.js": {"path":"C:\\Users\\me\\google sheets\\test-utils\\gas-mocks.js","statementMap":{"0":{"start":{"line":1,"column":24},"end":{"line":28,"column":1}},"1":{"start":{"line":2,"column":39},"end":{"line":18,"column":3}},"2":{"start":{"line":3,"column":35},"end":{"line":16,"column":5}},"3":{"start":{"line":4,"column":31},"end":{"line":14,"column":7}},"4":{"start":{"line":19,"column":24},"end":{"line":27,"column":3}},"5":{"start":{"line":20,"column":31},"end":{"line":24,"column":5}},"6":{"start":{"line":30,"column":26},"end":{"line":35,"column":1}},"7":{"start":{"line":31,"column":38},"end":{"line":34,"column":3}},"8":{"start":{"line":37,"column":20},"end":{"line":39,"column":1}},"9":{"start":{"line":41,"column":18},"end":{"line":43,"column":1}},"10":{"start":{"line":45,"column":0},"end":{"line":45,"column":79}}},"fnMap":{"0":{"name":"(anonymous_0)","decl":{"start":{"line":2,"column":32},"end":{"line":2,"column":33}},"loc":{"start":{"line":2,"column":39},"end":{"line":18,"column":3}},"line":2},"1":{"name":"(anonymous_1)","decl":{"start":{"line":3,"column":28},"end":{"line":3,"column":29}},"loc":{"start":{"line":3,"column":35},"end":{"line":16,"column":5}},"line":3},"2":{"name":"(anonymous_2)","decl":{"start":{"line":4,"column":24},"end":{"line":4,"column":25}},"loc":{"start":{"line":4,"column":31},"end":{"line":14,"column":7}},"line":4},"3":{"name":"(anonymous_3)","decl":{"start":{"line":19,"column":17},"end":{"line":19,"column":18}},"loc":{"start":{"line":19,"column":24},"end":{"line":27,"column":3}},"line":19},"4":{"name":"(anonymous_4)","decl":{"start":{"line":20,"column":24},"end":{"line":20,"column":25}},"loc":{"start":{"line":20,"column":31},"end":{"line":24,"column":5}},"line":20},"5":{"name":"(anonymous_5)","decl":{"start":{"line":31,"column":31},"end":{"line":31,"column":32}},"loc":{"start":{"line":31,"column":38},"end":{"line":34,"column":3}},"line":31}},"branchMap":{},"s":{"0":2,"1":1,"2":1,"3":0,"4":0,"5":0,"6":2,"7":0,"8":2,"9":2,"10":2},"f":{"0":1,"1":1,"2":0,"3":0,"4":0,"5":0},"b":{},"_coverageSchema":"1a1c01bbd47fc00a2c39e90264f33305004495a9","hash":"4008509aa8e6358fadd37cf49874de6d0dd12156"}
}
