{"C:\\Users\\me\\google sheets\\test-utils\\gas-mocks.js": {"path":"C:\\Users\\me\\google sheets\\test-utils\\gas-mocks.js","statementMap":{"0":{"start":{"line":1,"column":24},"end":{"line":28,"column":1}},"1":{"start":{"line":2,"column":39},"end":{"line":18,"column":3}},"2":{"start":{"line":3,"column":35},"end":{"line":16,"column":5}},"3":{"start":{"line":4,"column":31},"end":{"line":14,"column":7}},"4":{"start":{"line":19,"column":24},"end":{"line":27,"column":3}},"5":{"start":{"line":20,"column":31},"end":{"line":24,"column":5}},"6":{"start":{"line":30,"column":26},"end":{"line":35,"column":1}},"7":{"start":{"line":31,"column":38},"end":{"line":34,"column":3}},"8":{"start":{"line":37,"column":20},"end":{"line":39,"column":1}},"9":{"start":{"line":41,"column":18},"end":{"line":43,"column":1}},"10":{"start":{"line":45,"column":0},"end":{"line":45,"column":79}}},"fnMap":{"0":{"name":"(anonymous_0)","decl":{"start":{"line":2,"column":32},"end":{"line":2,"column":33}},"loc":{"start":{"line":2,"column":39},"end":{"line":18,"column":3}},"line":2},"1":{"name":"(anonymous_1)","decl":{"start":{"line":3,"column":28},"end":{"line":3,"column":29}},"loc":{"start":{"line":3,"column":35},"end":{"line":16,"column":5}},"line":3},"2":{"name":"(anonymous_2)","decl":{"start":{"line":4,"column":24},"end":{"line":4,"column":25}},"loc":{"start":{"line":4,"column":31},"end":{"line":14,"column":7}},"line":4},"3":{"name":"(anonymous_3)","decl":{"start":{"line":19,"column":17},"end":{"line":19,"column":18}},"loc":{"start":{"line":19,"column":24},"end":{"line":27,"column":3}},"line":19},"4":{"name":"(anonymous_4)","decl":{"start":{"line":20,"column":24},"end":{"line":20,"column":25}},"loc":{"start":{"line":20,"column":31},"end":{"line":24,"column":5}},"line":20},"5":{"name":"(anonymous_5)","decl":{"start":{"line":31,"column":31},"end":{"line":31,"column":32}},"loc":{"start":{"line":31,"column":38},"end":{"line":34,"column":3}},"line":31}},"branchMap":{},"s":{"0":1,"1":1,"2":1,"3":0,"4":0,"5":0,"6":1,"7":0,"8":1,"9":1,"10":1},"f":{"0":1,"1":1,"2":0,"3":0,"4":0,"5":0},"b":{},"_coverageSchema":"1a1c01bbd47fc00a2c39e90264f33305004495a9","hash":"4008509aa8e6358fadd37cf49874de6d0dd12156"}
}
