TN:
SF:src\api.js
FN:1,callGeminiAPI
FNF:1
FNH:1
FNDA:3,callGeminiAPI
DA:2,3
DA:4,3
DA:6,3
DA:8,3
DA:10,3
DA:17,3
DA:18,3
DA:20,3
DA:21,1
DA:24,2
DA:25,1
DA:28,1
DA:31,3
DA:32,3
LF:14
LH:14
BRDA:2,0,0,0
BRDA:2,0,1,3
BRDA:20,1,0,1
BRDA:20,1,1,2
BRDA:24,2,0,1
BRDA:24,2,1,1
BRDA:24,3,0,2
BRDA:24,3,1,2
BRDA:24,3,2,1
BRDA:31,4,0,3
BRDA:31,4,1,0
BRDA:31,5,0,3
BRDA:31,5,1,3
BRF:13
BRH:11
end_of_record
TN:
SF:src\config.js
FNF:0
FNH:0
DA:1,2
DA:11,2
DA:12,2
LF:3
LH:3
BRDA:11,0,0,2
BRDA:11,0,1,0
BRDA:11,1,0,2
BRDA:11,1,1,2
BRF:4
BRH:3
end_of_record
TN:
SF:src\main.js
FN:6,onOpen
FN:16,finalizeChanges
FN:26,(anonymous_2)
FN:26,(anonymous_3)
FN:27,(anonymous_4)
FN:27,(anonymous_5)
FN:34,detectBaseStyles
FN:48,polishSelectedCells
FN:56,(anonymous_8)
FN:79,fixPronouns
FN:106,(anonymous_10)
FNF:11
FNH:9
FNDA:0,onOpen
FNDA:1,finalizeChanges
FNDA:1,(anonymous_2)
FNDA:1,(anonymous_3)
FNDA:1,(anonymous_4)
FNDA:1,(anonymous_5)
FNDA:0,detectBaseStyles
FNDA:1,polishSelectedCells
FNDA:1,(anonymous_8)
FNDA:1,fixPronouns
FNDA:1,(anonymous_10)
DA:1,2
DA:2,2
DA:3,2
DA:4,2
DA:7,0
DA:17,1
DA:18,1
DA:19,1
DA:20,1
DA:21,1
DA:23,1
DA:24,1
DA:26,1
DA:27,1
DA:29,1
DA:30,1
DA:31,1
DA:35,0
DA:36,0
DA:37,0
DA:38,0
DA:39,0
DA:41,0
DA:42,0
DA:43,0
DA:45,0
DA:49,1
DA:50,1
DA:51,1
DA:52,1
DA:54,1
DA:56,1
DA:57,1
DA:58,1
DA:59,1
DA:60,1
DA:61,1
DA:63,0
DA:65,0
DA:66,0
DA:70,1
DA:71,1
DA:72,1
DA:73,1
DA:75,0
DA:80,1
DA:81,1
DA:82,1
DA:83,1
DA:86,1
DA:87,1
DA:88,0
DA:89,0
DA:92,1
DA:93,1
DA:96,1
DA:97,2
DA:98,2
DA:99,2
DA:100,2
DA:104,1
DA:106,1
DA:107,1
DA:108,1
DA:111,1
DA:112,1
DA:114,1
DA:116,1
DA:117,1
DA:119,1
DA:121,1
DA:122,1
DA:128,0
DA:129,0
DA:137,1
DA:138,1
DA:139,1
DA:141,0
DA:144,1
DA:145,1
DA:146,1
DA:147,1
DA:149,0
DA:153,2
DA:154,2
LF:85
LH:65
BRDA:23,0,0,1
BRDA:23,0,1,1
BRDA:24,1,0,1
BRDA:24,1,1,1
BRDA:26,2,0,1
BRDA:26,2,1,0
BRDA:27,3,0,1
BRDA:27,3,1,0
BRDA:59,4,0,1
BRDA:59,4,1,0
BRDA:70,5,0,1
BRDA:70,5,1,0
BRDA:87,6,0,0
BRDA:87,6,1,1
BRDA:99,7,0,2
BRDA:99,7,1,0
BRDA:100,8,0,2
BRDA:100,8,1,0
BRDA:108,9,0,0
BRDA:108,9,1,1
BRDA:114,10,0,0
BRDA:114,10,1,1
BRDA:117,11,0,0
BRDA:117,11,1,1
BRDA:121,12,0,1
BRDA:121,12,1,0
BRDA:128,13,0,0
BRDA:128,13,1,0
BRDA:137,14,0,1
BRDA:137,14,1,0
BRDA:144,15,0,1
BRDA:144,15,1,0
BRDA:153,16,0,2
BRDA:153,16,1,0
BRDA:153,17,0,2
BRDA:153,17,1,2
BRF:36
BRH:20
end_of_record
TN:
SF:src\selection.js
FN:2,(anonymous_0)
FN:3,(anonymous_1)
FN:4,(anonymous_2)
FNF:3
FNH:3
FNDA:4,(anonymous_0)
FNDA:9,(anonymous_1)
FNDA:11,(anonymous_2)
DA:1,3
DA:3,4
DA:4,9
DA:5,11
DA:6,7
DA:8,4
DA:14,3
DA:15,3
LF:8
LH:8
BRDA:5,0,0,7
BRDA:5,0,1,4
BRDA:5,1,0,11
BRDA:5,1,1,9
BRDA:5,1,2,9
BRDA:14,2,0,3
BRDA:14,2,1,0
BRDA:14,3,0,3
BRDA:14,3,1,3
BRF:9
BRH:8
end_of_record
TN:
SF:src\style.js
FN:5,(anonymous_0)
FN:10,(anonymous_1)
FNF:2
FNH:2
FNDA:3,(anonymous_0)
FNDA:1,(anonymous_1)
DA:1,3
DA:6,3
DA:7,3
DA:11,1
DA:12,1
DA:13,1
DA:15,0
DA:16,0
DA:21,3
DA:22,3
LF:10
LH:8
BRDA:11,0,0,1
BRDA:11,0,1,0
BRDA:11,1,0,1
BRDA:11,1,1,1
BRDA:21,2,0,3
BRDA:21,2,1,0
BRDA:21,3,0,3
BRDA:21,3,1,3
BRF:8
BRH:6
end_of_record
TN:
SF:test-utils\gas-mocks.js
FN:12,(anonymous_0)
FN:19,(anonymous_1)
FN:20,(anonymous_2)
FN:25,(anonymous_3)
FN:31,(anonymous_4)
FN:32,(anonymous_5)
FN:33,(anonymous_6)
FN:44,(anonymous_7)
FNF:8
FNH:4
FNDA:0,(anonymous_0)
FNDA:0,(anonymous_1)
FNDA:1,(anonymous_2)
FNDA:5,(anonymous_3)
FNDA:10,(anonymous_4)
FNDA:0,(anonymous_5)
FNDA:0,(anonymous_6)
FNDA:2,(anonymous_7)
DA:1,4
DA:12,0
DA:18,4
DA:19,0
DA:20,1
DA:24,4
DA:25,5
DA:30,4
DA:31,10
DA:32,0
DA:33,0
DA:43,4
DA:44,2
DA:50,4
DA:54,4
DA:58,4
LF:16
LH:12
BRF:0
BRH:0
end_of_record
