TN:
SF:src\api.js
FN:5,(anonymous_0)
FN:9,(anonymous_1)
FN:13,(anonymous_2)
FN:26,callGeminiAPI
FNF:4
FNH:4
FNDA:11,(anonymous_0)
FNDA:2,(anonymous_1)
FNDA:5,(anonymous_2)
FNDA:12,callGeminiAPI
DA:2,3
DA:6,11
DA:10,2
DA:14,5
DA:27,12
DA:30,11
DA:31,11
DA:33,10
DA:35,10
DA:40,10
DA:42,10
DA:49,10
DA:50,10
DA:51,10
DA:53,10
DA:54,4
DA:55,4
DA:58,4
DA:59,3
DA:60,3
DA:61,3
DA:64,1
DA:67,6
DA:68,4
DA:71,2
DA:72,2
DA:73,2
DA:77,8
DA:78,3
DA:79,3
DA:80,3
DA:82,5
DA:86,3
DA:87,3
LF:34
LH:34
BRDA:26,0,0,6
BRDA:27,1,0,1
BRDA:27,1,1,11
BRDA:31,2,0,1
BRDA:31,2,1,10
BRDA:53,3,0,4
BRDA:53,3,1,6
BRDA:58,4,0,3
BRDA:58,4,1,1
BRDA:58,5,0,4
BRDA:58,5,1,0
BRDA:58,5,2,4
BRDA:67,6,0,4
BRDA:67,6,1,2
BRDA:67,7,0,6
BRDA:67,7,1,6
BRDA:67,7,2,2
BRDA:77,8,0,3
BRDA:77,8,1,5
BRDA:77,9,0,8
BRDA:77,9,1,6
BRDA:86,10,0,3
BRDA:86,10,1,0
BRDA:86,11,0,3
BRDA:86,11,1,3
BRF:25
BRH:23
end_of_record
TN:
SF:src\main.js
FN:6,onOpen
FN:21,saveStateForUndo
FN:36,undoLastAction
FN:70,finalizeChanges
FN:80,(anonymous_4)
FN:80,(anonymous_5)
FN:81,(anonymous_6)
FN:81,(anonymous_7)
FN:88,detectBaseStyles
FN:102,polishSelectedCells
FN:115,(anonymous_10)
FN:155,fixPronouns
FN:196,(anonymous_12)
FN:271,normalizeGender
FNF:14
FNH:11
FNDA:0,onOpen
FNDA:2,saveStateForUndo
FNDA:0,undoLastAction
FNDA:1,finalizeChanges
FNDA:1,(anonymous_4)
FNDA:1,(anonymous_5)
FNDA:1,(anonymous_6)
FNDA:1,(anonymous_7)
FNDA:0,detectBaseStyles
FNDA:1,polishSelectedCells
FNDA:1,(anonymous_10)
FNDA:1,fixPronouns
FNDA:1,(anonymous_12)
FNDA:2,normalizeGender
DA:1,2
DA:2,2
DA:3,2
DA:4,2
DA:7,0
DA:22,2
DA:29,2
DA:30,2
DA:37,0
DA:38,0
DA:40,0
DA:41,0
DA:42,0
DA:45,0
DA:46,0
DA:47,0
DA:48,0
DA:50,0
DA:51,0
DA:52,0
DA:55,0
DA:56,0
DA:57,0
DA:58,0
DA:61,0
DA:63,0
DA:65,0
DA:66,0
DA:71,1
DA:72,1
DA:73,1
DA:74,1
DA:75,1
DA:77,1
DA:78,1
DA:80,1
DA:81,1
DA:83,1
DA:84,1
DA:85,1
DA:89,0
DA:90,0
DA:91,0
DA:92,0
DA:93,0
DA:95,0
DA:96,0
DA:97,0
DA:99,0
DA:103,1
DA:104,1
DA:105,1
DA:106,1
DA:107,1
DA:108,1
DA:111,1
DA:113,1
DA:115,1
DA:116,1
DA:117,1
DA:118,1
DA:119,1
DA:120,1
DA:122,0
DA:124,0
DA:125,0
DA:126,0
DA:127,0
DA:131,1
DA:132,1
DA:133,1
DA:137,1
DA:138,1
DA:139,1
DA:140,0
DA:141,0
DA:142,0
DA:143,0
DA:145,0
DA:148,1
DA:150,1
DA:151,0
DA:156,1
DA:157,1
DA:158,1
DA:159,1
DA:163,1
DA:164,1
DA:165,1
DA:166,0
DA:167,0
DA:170,0
DA:171,0
DA:174,1
DA:175,1
DA:178,1
DA:179,2
DA:180,2
DA:181,2
DA:183,2
DA:184,2
DA:185,2
DA:191,1
DA:193,1
DA:194,1
DA:196,1
DA:197,1
DA:198,1
DA:199,0
DA:200,0
DA:203,1
DA:205,1
DA:206,1
DA:208,1
DA:210,1
DA:211,1
DA:213,1
DA:215,1
DA:216,1
DA:222,0
DA:223,0
DA:231,1
DA:232,1
DA:233,1
DA:235,0
DA:237,0
DA:238,0
DA:242,1
DA:243,1
DA:244,1
DA:247,1
DA:248,1
DA:249,1
DA:251,0
DA:254,1
DA:255,0
DA:258,1
DA:261,2
DA:262,2
DA:272,2
DA:274,2
DA:276,2
DA:277,1
DA:278,1
DA:279,1
DA:282,0
LF:146
LH:91
BRDA:40,0,0,0
BRDA:40,0,1,0
BRDA:50,1,0,0
BRDA:50,1,1,0
BRDA:77,2,0,1
BRDA:77,2,1,1
BRDA:78,3,0,1
BRDA:78,3,1,1
BRDA:80,4,0,1
BRDA:80,4,1,0
BRDA:81,5,0,1
BRDA:81,5,1,0
BRDA:118,6,0,1
BRDA:118,6,1,0
BRDA:131,7,0,1
BRDA:131,7,1,0
BRDA:138,8,0,1
BRDA:138,8,1,0
BRDA:138,9,0,1
BRDA:138,9,1,1
BRDA:140,10,0,0
BRDA:140,10,1,0
BRDA:140,11,0,0
BRDA:140,11,1,0
BRDA:142,12,0,0
BRDA:142,12,1,0
BRDA:150,13,0,0
BRDA:150,13,1,1
BRDA:150,14,0,1
BRDA:150,14,1,0
BRDA:165,15,0,0
BRDA:165,15,1,1
BRDA:181,16,0,2
BRDA:181,16,1,0
BRDA:184,17,0,2
BRDA:184,17,1,0
BRDA:198,18,0,0
BRDA:198,18,1,1
BRDA:208,19,0,0
BRDA:208,19,1,1
BRDA:211,20,0,0
BRDA:211,20,1,1
BRDA:215,21,0,1
BRDA:215,21,1,0
BRDA:222,22,0,0
BRDA:222,22,1,0
BRDA:231,23,0,1
BRDA:231,23,1,0
BRDA:242,24,0,1
BRDA:242,24,1,0
BRDA:248,25,0,1
BRDA:248,25,1,0
BRDA:254,26,0,0
BRDA:254,26,1,1
BRDA:261,27,0,2
BRDA:261,27,1,0
BRDA:261,28,0,2
BRDA:261,28,1,2
BRDA:272,29,0,0
BRDA:272,29,1,2
BRDA:276,30,0,1
BRDA:276,30,1,1
BRDA:276,31,0,2
BRDA:276,31,1,2
BRDA:278,32,0,1
BRDA:278,32,1,0
BRDA:278,33,0,1
BRDA:278,33,1,1
BRF:68
BRH:35
end_of_record
TN:
SF:src\selection.js
FN:2,(anonymous_0)
FN:3,(anonymous_1)
FN:4,(anonymous_2)
FNF:3
FNH:3
FNDA:4,(anonymous_0)
FNDA:9,(anonymous_1)
FNDA:11,(anonymous_2)
DA:1,3
DA:3,4
DA:4,9
DA:5,11
DA:6,7
DA:8,4
DA:14,3
DA:15,3
LF:8
LH:8
BRDA:5,0,0,7
BRDA:5,0,1,4
BRDA:5,1,0,11
BRDA:5,1,1,9
BRDA:5,1,2,9
BRDA:14,2,0,3
BRDA:14,2,1,0
BRDA:14,3,0,3
BRDA:14,3,1,3
BRF:9
BRH:8
end_of_record
TN:
SF:src\style.js
FN:5,(anonymous_0)
FN:10,(anonymous_1)
FNF:2
FNH:2
FNDA:3,(anonymous_0)
FNDA:1,(anonymous_1)
DA:1,3
DA:6,3
DA:7,3
DA:11,1
DA:12,1
DA:13,1
DA:15,0
DA:16,0
DA:21,3
DA:22,3
LF:10
LH:8
BRDA:11,0,0,1
BRDA:11,0,1,0
BRDA:11,1,0,1
BRDA:11,1,1,1
BRDA:21,2,0,3
BRDA:21,2,1,0
BRDA:21,3,0,3
BRDA:21,3,1,3
BRF:8
BRH:6
end_of_record
TN:
SF:test-utils\gas-mocks.js
FN:10,(anonymous_0)
FN:11,(anonymous_1)
FN:12,(anonymous_2)
FN:13,(anonymous_3)
FN:16,(anonymous_4)
FN:23,(anonymous_5)
FN:24,(anonymous_6)
FN:29,(anonymous_7)
FN:35,(anonymous_8)
FN:36,(anonymous_9)
FN:37,(anonymous_10)
FN:48,(anonymous_11)
FNF:12
FNH:5
FNDA:2,(anonymous_0)
FNDA:0,(anonymous_1)
FNDA:0,(anonymous_2)
FNDA:0,(anonymous_3)
FNDA:0,(anonymous_4)
FNDA:0,(anonymous_5)
FNDA:1,(anonymous_6)
FNDA:5,(anonymous_7)
FNDA:10,(anonymous_8)
FNDA:0,(anonymous_9)
FNDA:0,(anonymous_10)
FNDA:4,(anonymous_11)
DA:1,4
DA:10,2
DA:11,0
DA:12,0
DA:13,0
DA:16,0
DA:22,4
DA:23,0
DA:24,1
DA:28,4
DA:29,5
DA:34,4
DA:35,10
DA:36,0
DA:37,0
DA:47,4
DA:48,4
DA:54,4
DA:58,4
DA:62,4
LF:20
LH:13
BRF:0
BRH:0
end_of_record
